\BOOKMARK [1][-]{section.1}{Introduction}{}% 1
\BOOKMARK [1][-]{section.2}{PPPC Electroweak Corrections}{}% 2
\BOOKMARK [1][-]{section.3}{EW with MadGraph5\137aMC@NLO}{}% 3
\BOOKMARK [2][-]{subsection.3.1}{Processes}{section.3}% 4
\BOOKMARK [2][-]{subsection.3.2}{Cross Sections Comparison}{section.3}% 5
\BOOKMARK [2][-]{subsection.3.3}{Spectra for D D e- e+}{section.3}% 6
\BOOKMARK [2][-]{subsection.3.4}{Spectra for D D WW}{section.3}% 7
\BOOKMARK [3][-]{subsubsection.3.4.1}{mD = 1 TeV}{subsection.3.4}% 8
\BOOKMARK [3][-]{subsubsection.3.4.2}{"Old" mD = 100 TeV}{subsection.3.4}% 9
\BOOKMARK [2][-]{subsection.3.5}{Spectra for D D Y0 FFFF}{section.3}% 10
\BOOKMARK [2][-]{subsection.3.6}{Spectra for D D Y0 FFFF with off-shell W and no Z}{section.3}% 11
\BOOKMARK [3][-]{subsubsection.3.6.1}{ mD = 1 TeV}{subsection.3.6}% 12
\BOOKMARK [3][-]{subsubsection.3.6.2}{ mD = 10 TeV}{subsection.3.6}% 13
\BOOKMARK [3][-]{subsubsection.3.6.3}{ mD = 100 TeV}{subsection.3.6}% 14
\BOOKMARK [1][-]{section.4}{MG EW Corrections for xd xd e- e+ }{}% 15
\BOOKMARK [2][-]{subsection.4.1}{Kinematic Distributions}{section.4}% 16
\BOOKMARK [2][-]{subsection.4.2}{Spectra for mxd=1 TeV}{section.4}% 17
\BOOKMARK [2][-]{subsection.4.3}{Spectra for mxd=10 TeV}{section.4}% 18
\BOOKMARK [2][-]{subsection.4.4}{Spectra for mxd=100 TeV}{section.4}% 19
\BOOKMARK [1][-]{section.5}{Cross Sections}{}% 20
\BOOKMARK [1][-]{section.6}{Width of the mediator Y0 }{}% 21
\BOOKMARK [1][-]{section.7}{Unitarity}{}% 22
\BOOKMARK [1][-]{section.8}{MG5 Issues}{}% 23
